2025-01-02 16:26:00 | WARN | repo=2017-course-sys-int-activemq-seminar | action=pull
2025-01-28 19:56:00 | DEBUG | repo=2017-course-sys-int-activemq-seminar | action=commit
2025-08-09 15:41:00 | INFO | repo=2017-course-sys-int-activemq-seminar | action=pull
2025-06-18 08:39:00 | WARN | repo=2017-course-sys-int-activemq-seminar | action=edit | files=1
2025-02-11 20:20:00 | DEBUG | repo=2017-course-sys-int-activemq-seminar | action=commit
2025-04-17 09:45:00 | INFO | repo=2017-course-sys-int-activemq-seminar | action=commit
2025-10-02 18:10:00 | DEBUG | repo=2017-course-sys-int-activemq-seminar | action=commit
2025-11-23 08:55:00 | INFO | repo=2017-course-sys-int-activemq-seminar | action=commit
2025-02-16 13:07:00 | WARN | repo=2017-course-sys-int-activemq-seminar | action=commit
2025-11-11 10:23:00 | INFO | repo=2017-course-sys-int-activemq-seminar | action=test | passed=true
2025-07-24 11:47:00 | DEBUG | repo=2017-course-sys-int-activemq-seminar | action=commit
2025-02-22 15:30:00 | WARN | repo=2017-course-sys-int-activemq-seminar | action=commit
2025-01-25 07:03:00 | WARN | repo=2017-course-sys-int-activemq-seminar | action=commit
2025-10-25 12:27:00 | WARN | repo=2017-course-sys-int-activemq-seminar | action=commit
2025-12-15 21:15:00 | DEBUG | repo=2017-course-sys-int-activemq-seminar | action=edit | files=1
2025-08-01 21:01:00 | WARN | repo=2017-course-sys-int-activemq-seminar | action=commit
2025-03-02 16:21:00 | INFO | repo=2017-course-sys-int-activemq-seminar | action=commit
2025-10-11 15:35:00 | WARN | repo=2017-course-sys-int-activemq-seminar | action=commit
2025-10-05 19:48:00 | DEBUG | repo=2017-course-sys-int-activemq-seminar | action=pull
2025-08-19 18:28:00 | DEBUG | repo=2017-course-sys-int-activemq-seminar | action=pull
2025-10-01 17:36:00 | INFO | repo=2017-course-sys-int-activemq-seminar | action=commit
2025-03-13 11:31:00 | WARN | repo=2017-course-sys-int-activemq-seminar | action=commit
2025-09-18 18:32:00 | DEBUG | repo=2017-course-sys-int-activemq-seminar | action=commit
2025-06-21 18:19:00 | DEBUG | repo=2017-course-sys-int-activemq-seminar | action=test | passed=true
2025-03-04 08:28:00 | INFO | repo=2017-course-sys-int-activemq-seminar | action=commit
2025-02-06 08:28:00 | INFO | repo=2017-course-sys-int-activemq-seminar | action=edit | files=1
2025-05-01 11:11:00 | WARN | repo=2017-course-sys-int-activemq-seminar | action=commit
2025-02-15 08:46:00 | WARN | repo=2017-course-sys-int-activemq-seminar | action=edit | files=3
2025-10-13 09:02:00 | INFO | repo=2017-course-sys-int-activemq-seminar | action=test | passed=true
2025-12-26 12:29:00 | DEBUG | repo=2017-course-sys-int-activemq-seminar | action=commit
2025-09-13 14:53:00 | INFO | repo=2017-course-sys-int-activemq-seminar | action=commit
2025-12-20 07:38:00 | WARN | repo=2017-course-sys-int-activemq-seminar | action=commit
2025-12-02 07:15:00 | INFO | repo=2017-course-sys-int-activemq-seminar | action=commit
2025-03-17 17:50:00 | DEBUG | repo=2017-course-sys-int-activemq-seminar | action=commit
2025-02-20 17:21:00 | WARN | repo=2017-course-sys-int-activemq-seminar | action=commit
2025-12-25 17:45:00 | INFO | repo=2017-course-sys-int-activemq-seminar | action=commit
2025-09-17 10:47:00 | INFO | repo=2017-course-sys-int-activemq-seminar | action=test | passed=true
2025-02-27 10:06:00 | INFO | repo=2017-course-sys-int-activemq-seminar | action=commit
2025-01-05 16:01:00 | INFO | repo=2017-course-sys-int-activemq-seminar | action=commit
2025-12-17 16:57:00 | WARN | repo=2017-course-sys-int-activemq-seminar | action=test | passed=true
2025-01-06 19:17:00 | WARN | repo=2017-course-sys-int-activemq-seminar | action=edit | files=1
2025-07-27 16:01:00 | DEBUG | repo=2017-course-sys-int-activemq-seminar | action=test | passed=true
2025-05-21 15:17:00 | WARN | repo=2017-course-sys-int-activemq-seminar | action=commit
2025-02-11 19:16:00 | WARN | repo=2017-course-sys-int-activemq-seminar | action=commit
2025-02-20 10:50:00 | INFO | repo=2017-course-sys-int-activemq-seminar | action=pull
2025-09-28 16:15:00 | INFO | repo=2017-course-sys-int-activemq-seminar | action=commit
2025-12-24 16:22:00 | INFO | repo=2017-course-sys-int-activemq-seminar | action=test | passed=true
2025-11-16 19:19:00 | WARN | repo=2017-course-sys-int-activemq-seminar | action=commit
2025-06-05 14:01:00 | WARN | repo=2017-course-sys-int-activemq-seminar | action=test | passed=true
2025-06-10 09:58:00 | INFO | repo=2017-course-sys-int-activemq-seminar | action=test | passed=true
2025-05-16 15:46:00 | WARN | repo=2017-course-sys-int-activemq-seminar | action=commit
2025-04-07 18:20:00 | INFO | repo=2017-course-sys-int-activemq-seminar | action=test | passed=true
2025-07-05 20:12:00 | INFO | repo=2017-course-sys-int-activemq-seminar | action=commit
2025-08-13 13:42:00 | DEBUG | repo=2017-course-sys-int-activemq-seminar | action=pull
2025-05-11 13:40:00 | INFO | repo=2017-course-sys-int-activemq-seminar | action=commit
2025-09-26 08:24:00 | WARN | repo=2017-course-sys-int-activemq-seminar | action=commit
2025-04-05 07:59:00 | INFO | repo=2017-course-sys-int-activemq-seminar | action=commit
2025-06-28 08:59:00 | INFO | repo=2017-course-sys-int-activemq-seminar | action=edit | files=3
2025-11-22 13:00:00 | INFO | repo=2017-course-sys-int-activemq-seminar | action=commit
2025-04-06 21:26:00 | WARN | repo=2017-course-sys-int-activemq-seminar | action=commit
2025-04-01 14:19:00 | DEBUG | repo=2017-course-sys-int-activemq-seminar | action=pull
2025-04-04 17:42:00 | WARN | repo=2017-course-sys-int-activemq-seminar | action=pull
2025-10-12 18:28:00 | DEBUG | repo=2017-course-sys-int-activemq-seminar | action=commit
2025-05-07 07:53:00 | INFO | repo=2017-course-sys-int-activemq-seminar | action=test | passed=true
2025-06-11 10:35:00 | WARN | repo=2017-course-sys-int-activemq-seminar | action=commit
2025-06-18 18:03:00 | WARN | repo=2017-course-sys-int-activemq-seminar | action=pull
2025-07-24 12:12:00 | DEBUG | repo=2017-course-sys-int-activemq-seminar | action=commit
2025-08-06 10:51:00 | DEBUG | repo=2017-course-sys-int-activemq-seminar | action=test | passed=true
2025-09-03 07:08:00 | WARN | repo=2017-course-sys-int-activemq-seminar | action=commit
2025-05-24 07:19:00 | WARN | repo=2017-course-sys-int-activemq-seminar | action=commit
2025-06-08 10:28:00 | WARN | repo=2017-course-sys-int-activemq-seminar | action=test | passed=true
2025-10-09 09:35:00 | INFO | repo=2017-course-sys-int-activemq-seminar | action=commit
2025-03-26 19:19:00 | DEBUG | repo=2017-course-sys-int-activemq-seminar | action=commit
